  TexturasSDL.cpp
  PremioPG.cpp
c:\users\adrian\documents\2 gdv\tpv\practicas\practica 2\practica2-tpv\holasdl\globospg.h(8): error C2504: 'ObjetoPG' : clase base sin definir
c:\users\adrian\documents\2 gdv\tpv\practicas\practica 2\practica2-tpv\holasdl\globospg.h(10): error C2061: error de sintaxis : identificador 'juegoPG'
c:\users\adrian\documents\2 gdv\tpv\practicas\practica 2\practica2-tpv\holasdl\globospg.h(18): error C2143: error de sintaxis : falta ';' delante de '*'
c:\users\adrian\documents\2 gdv\tpv\practicas\practica 2\practica2-tpv\holasdl\globospg.h(18): error C4430: falta el especificador de tipo; se presupone int. Nota: C++ no admite default-int
c:\users\adrian\documents\2 gdv\tpv\practicas\practica 2\practica2-tpv\holasdl\juegopg.h(22): error C2535: 'void juegoPG::getMousePos(int &,int &) const' : función miembro ya definida o declarada
          c:\users\adrian\documents\2 gdv\tpv\practicas\practica 2\practica2-tpv\holasdl\juegopg.h(21) : vea la declaración de 'juegoPG::getMousePos'
  ObjetoPG.cpp
c:\users\adrian\documents\2 gdv\tpv\practicas\practica 2\practica2-tpv\holasdl\globospg.h(8): error C2504: 'ObjetoPG' : clase base sin definir
c:\users\adrian\documents\2 gdv\tpv\practicas\practica 2\practica2-tpv\holasdl\globospg.h(10): error C2061: error de sintaxis : identificador 'juegoPG'
c:\users\adrian\documents\2 gdv\tpv\practicas\practica 2\practica2-tpv\holasdl\globospg.h(18): error C2143: error de sintaxis : falta ';' delante de '*'
c:\users\adrian\documents\2 gdv\tpv\practicas\practica 2\practica2-tpv\holasdl\globospg.h(18): error C4430: falta el especificador de tipo; se presupone int. Nota: C++ no admite default-int
c:\users\adrian\documents\2 gdv\tpv\practicas\practica 2\practica2-tpv\holasdl\juegopg.h(22): error C2535: 'void juegoPG::getMousePos(int &,int &) const' : función miembro ya definida o declarada
          c:\users\adrian\documents\2 gdv\tpv\practicas\practica 2\practica2-tpv\holasdl\juegopg.h(21) : vea la declaración de 'juegoPG::getMousePos'
c:\users\adrian\documents\2 gdv\tpv\practicas\practica 2\practica2-tpv\holasdl\objetopg.cpp(21): error C3867: 'juegoPG::getRender': falta la lista de argumentos de la llamada a la función; utilice '&juegoPG::getRender' para crear un puntero al miembro
  MariposaPG.cpp
c:\users\adrian\documents\2 gdv\tpv\practicas\practica 2\practica2-tpv\holasdl\globospg.h(8): error C2504: 'ObjetoPG' : clase base sin definir
c:\users\adrian\documents\2 gdv\tpv\practicas\practica 2\practica2-tpv\holasdl\globospg.h(10): error C2061: error de sintaxis : identificador 'juegoPG'
c:\users\adrian\documents\2 gdv\tpv\practicas\practica 2\practica2-tpv\holasdl\globospg.h(18): error C2143: error de sintaxis : falta ';' delante de '*'
c:\users\adrian\documents\2 gdv\tpv\practicas\practica 2\practica2-tpv\holasdl\globospg.h(18): error C4430: falta el especificador de tipo; se presupone int. Nota: C++ no admite default-int
c:\users\adrian\documents\2 gdv\tpv\practicas\practica 2\practica2-tpv\holasdl\juegopg.h(22): error C2535: 'void juegoPG::getMousePos(int &,int &) const' : función miembro ya definida o declarada
          c:\users\adrian\documents\2 gdv\tpv\practicas\practica 2\practica2-tpv\holasdl\juegopg.h(21) : vea la declaración de 'juegoPG::getMousePos'
c:\users\adrian\documents\2 gdv\tpv\practicas\practica 2\practica2-tpv\holasdl\mariposapg.cpp(25): error C3867: 'MariposaPG::onClick': falta la lista de argumentos de la llamada a la función; utilice '&MariposaPG::onClick' para crear un puntero al miembro
  mainP1.cpp
c:\users\adrian\documents\2 gdv\tpv\practicas\practica 2\practica2-tpv\holasdl\objetopg.h(18): error C2143: error de sintaxis : falta ';' delante de '*'
c:\users\adrian\documents\2 gdv\tpv\practicas\practica 2\practica2-tpv\holasdl\objetopg.h(18): error C4430: falta el especificador de tipo; se presupone int. Nota: C++ no admite default-int
c:\users\adrian\documents\2 gdv\tpv\practicas\practica 2\practica2-tpv\holasdl\objetopg.h(26): error C2146: error de sintaxis : falta ';' delante del identificador 'texturas'
c:\users\adrian\documents\2 gdv\tpv\practicas\practica 2\practica2-tpv\holasdl\objetopg.h(26): error C4430: falta el especificador de tipo; se presupone int. Nota: C++ no admite default-int
c:\users\adrian\documents\2 gdv\tpv\practicas\practica 2\practica2-tpv\holasdl\globospg.h(10): error C2061: error de sintaxis : identificador 'juegoPG'
c:\users\adrian\documents\2 gdv\tpv\practicas\practica 2\practica2-tpv\holasdl\globospg.h(18): error C2143: error de sintaxis : falta ';' delante de '*'
c:\users\adrian\documents\2 gdv\tpv\practicas\practica 2\practica2-tpv\holasdl\globospg.h(18): error C4430: falta el especificador de tipo; se presupone int. Nota: C++ no admite default-int
c:\users\adrian\documents\2 gdv\tpv\practicas\practica 2\practica2-tpv\holasdl\juegopg.h(22): error C2535: 'void juegoPG::getMousePos(int &,int &) const' : función miembro ya definida o declarada
          c:\users\adrian\documents\2 gdv\tpv\practicas\practica 2\practica2-tpv\holasdl\juegopg.h(21) : vea la declaración de 'juegoPG::getMousePos'
  juegoPG.cpp
c:\users\adrian\documents\2 gdv\tpv\practicas\practica 2\practica2-tpv\holasdl\objetopg.h(18): error C2143: error de sintaxis : falta ';' delante de '*'
c:\users\adrian\documents\2 gdv\tpv\practicas\practica 2\practica2-tpv\holasdl\objetopg.h(18): error C4430: falta el especificador de tipo; se presupone int. Nota: C++ no admite default-int
c:\users\adrian\documents\2 gdv\tpv\practicas\practica 2\practica2-tpv\holasdl\objetopg.h(26): error C2146: error de sintaxis : falta ';' delante del identificador 'texturas'
c:\users\adrian\documents\2 gdv\tpv\practicas\practica 2\practica2-tpv\holasdl\objetopg.h(26): error C4430: falta el especificador de tipo; se presupone int. Nota: C++ no admite default-int
c:\users\adrian\documents\2 gdv\tpv\practicas\practica 2\practica2-tpv\holasdl\globospg.h(10): error C2061: error de sintaxis : identificador 'juegoPG'
c:\users\adrian\documents\2 gdv\tpv\practicas\practica 2\practica2-tpv\holasdl\globospg.h(18): error C2143: error de sintaxis : falta ';' delante de '*'
c:\users\adrian\documents\2 gdv\tpv\practicas\practica 2\practica2-tpv\holasdl\globospg.h(18): error C4430: falta el especificador de tipo; se presupone int. Nota: C++ no admite default-int
c:\users\adrian\documents\2 gdv\tpv\practicas\practica 2\practica2-tpv\holasdl\juegopg.h(22): error C2535: 'void juegoPG::getMousePos(int &,int &) const' : función miembro ya definida o declarada
          c:\users\adrian\documents\2 gdv\tpv\practicas\practica 2\practica2-tpv\holasdl\juegopg.h(21) : vea la declaración de 'juegoPG::getMousePos'
c:\users\adrian\documents\2 gdv\tpv\practicas\practica 2\practica2-tpv\holasdl\juegopg.cpp(12): error C2065: 'ptexture' : identificador no declarado
c:\users\adrian\documents\2 gdv\tpv\practicas\practica 2\practica2-tpv\holasdl\juegopg.cpp(13): error C2065: 'ptexture' : identificador no declarado
c:\users\adrian\documents\2 gdv\tpv\practicas\practica 2\practica2-tpv\holasdl\juegopg.cpp(14): error C2065: 'ptexture' : identificador no declarado
c:\users\adrian\documents\2 gdv\tpv\practicas\practica 2\practica2-tpv\holasdl\juegopg.cpp(65): error C2065: 'ptexture' : identificador no declarado
c:\users\adrian\documents\2 gdv\tpv\practicas\practica 2\practica2-tpv\holasdl\juegopg.cpp(67): error C2065: 'ptexture' : identificador no declarado
c:\users\adrian\documents\2 gdv\tpv\practicas\practica 2\practica2-tpv\holasdl\juegopg.cpp(67): error C2227: el operando izquierdo de '->load' debe señalar al tipo class/struct/union/generic
c:\users\adrian\documents\2 gdv\tpv\practicas\practica 2\practica2-tpv\holasdl\juegopg.cpp(68): error C2065: 'ptexture' : identificador no declarado
c:\users\adrian\documents\2 gdv\tpv\practicas\practica 2\practica2-tpv\holasdl\juegopg.cpp(76): error C2065: 'ptexture' : identificador no declarado
c:\users\adrian\documents\2 gdv\tpv\practicas\practica 2\practica2-tpv\holasdl\juegopg.cpp(85): error C2259: ObjetoJuego' : no se puede crear una instancia de una clase abstract
          debido a los siguientes miembros:
          'void ObjetoJuego::draw(void)' : es abstracto
          c:\users\adrian\documents\2 gdv\tpv\practicas\practica 2\practica2-tpv\holasdl\objetojuego.h(10) : vea la declaración de 'ObjetoJuego::draw'
          'void ObjetoJuego::update(void)' : es abstracto
          c:\users\adrian\documents\2 gdv\tpv\practicas\practica 2\practica2-tpv\holasdl\objetojuego.h(11) : vea la declaración de 'ObjetoJuego::update'
          'bool ObjetoJuego::onClick(void)' : es abstracto
          c:\users\adrian\documents\2 gdv\tpv\practicas\practica 2\practica2-tpv\holasdl\objetojuego.h(12) : vea la declaración de 'ObjetoJuego::onClick'
c:\users\adrian\documents\2 gdv\tpv\practicas\practica 2\practica2-tpv\holasdl\juegopg.cpp(85): error C2065: 't' : identificador no declarado
c:\users\adrian\documents\2 gdv\tpv\practicas\practica 2\practica2-tpv\holasdl\juegopg.cpp(85): error C2661: 'ObjetoJuego::ObjetoJuego' : ninguna función sobrecargada acepta 2 argumentos
c:\users\adrian\documents\2 gdv\tpv\practicas\practica 2\practica2-tpv\holasdl\juegopg.cpp(92): error C2065: 'ptexture' : identificador no declarado
c:\users\adrian\documents\2 gdv\tpv\practicas\practica 2\practica2-tpv\holasdl\juegopg.cpp(109): error C2065: 'globos' : identificador no declarado
c:\users\adrian\documents\2 gdv\tpv\practicas\practica 2\practica2-tpv\holasdl\juegopg.cpp(111): error C2065: 'ptexture' : identificador no declarado
c:\users\adrian\documents\2 gdv\tpv\practicas\practica 2\practica2-tpv\holasdl\juegopg.cpp(112): error C2065: 'ptexture' : identificador no declarado
c:\users\adrian\documents\2 gdv\tpv\practicas\practica 2\practica2-tpv\holasdl\juegopg.cpp(124): error C2065: 'ptexture' : identificador no declarado
c:\users\adrian\documents\2 gdv\tpv\practicas\practica 2\practica2-tpv\holasdl\juegopg.cpp(124): error C2227: el operando izquierdo de '->draw' debe señalar al tipo class/struct/union/generic
c:\users\adrian\documents\2 gdv\tpv\practicas\practica 2\practica2-tpv\holasdl\juegopg.cpp(140): error C2039: 'getPuntos' : no es un miembro de 'ObjetoJuego'
          c:\users\adrian\documents\2 gdv\tpv\practicas\practica 2\practica2-tpv\holasdl\objetojuego.h(3) : vea la declaración de 'ObjetoJuego'
c:\users\adrian\documents\2 gdv\tpv\practicas\practica 2\practica2-tpv\holasdl\juegopg.cpp(149): error C2451: la expresión condicional de tipo 'void' no es válida
          Las expresiones de tipo void no se pueden convertir en otros tipos
c:\users\adrian\documents\2 gdv\tpv\practicas\practica 2\practica2-tpv\holasdl\juegopg.cpp(243): error C2065: 'ptexture' : identificador no declarado
  GlobosPG.cpp
c:\users\adrian\documents\2 gdv\tpv\practicas\practica 2\practica2-tpv\holasdl\juegopg.h(22): error C2535: 'void juegoPG::getMousePos(int &,int &) const' : función miembro ya definida o declarada
          c:\users\adrian\documents\2 gdv\tpv\practicas\practica 2\practica2-tpv\holasdl\juegopg.h(21) : vea la declaración de 'juegoPG::getMousePos'
  Generando código...
