c:\hlocal\practica2-tpv\holasdl\debug\vc120.pdb
c:\hlocal\practica2-tpv\holasdl\debug\vc120.idb
c:\hlocal\practica2-tpv\holasdl\debug\globospg.obj
c:\hlocal\practica2-tpv\holasdl\debug\juegopg.obj
c:\hlocal\practica2-tpv\holasdl\debug\mainp1.obj
c:\hlocal\practica2-tpv\holasdl\debug\mariposapg.obj
c:\hlocal\practica2-tpv\holasdl\debug\objetopg.obj
c:\hlocal\practica2-tpv\holasdl\debug\premiopg.obj
c:\hlocal\practica2-tpv\holasdl\debug\texturassdl.obj
c:\hlocal\practica2-tpv\bin\holasdldebug.ilk
c:\hlocal\practica2-tpv\bin\holasdldebug.exe
c:\hlocal\practica2-tpv\bin\holasdldebug.pdb
c:\users\adrian\documents\2 gdv\tpv\practicas\practica 2\practica2-tpv\holasdl\debug\globospg.obj
c:\users\adrian\documents\2 gdv\tpv\practicas\practica 2\practica2-tpv\holasdl\debug\juegopg.obj
c:\users\adrian\documents\2 gdv\tpv\practicas\practica 2\practica2-tpv\holasdl\debug\mainp1.obj
c:\users\adrian\documents\2 gdv\tpv\practicas\practica 2\practica2-tpv\holasdl\debug\mariposapg.obj
c:\users\adrian\documents\2 gdv\tpv\practicas\practica 2\practica2-tpv\holasdl\debug\objetopg.obj
c:\users\adrian\documents\2 gdv\tpv\practicas\practica 2\practica2-tpv\holasdl\debug\premiopg.obj
c:\users\adrian\documents\2 gdv\tpv\practicas\practica 2\practica2-tpv\holasdl\debug\texturassdl.obj
c:\users\adrian\documents\2 gdv\tpv\practicas\practica 2\practica2-tpv\holasdl\debug\vc120.idb
c:\users\adrian\documents\2 gdv\tpv\practicas\practica 2\practica2-tpv\holasdl\debug\vc120.pdb
c:\users\adrian\documents\2 gdv\tpv\practicas\practica 2\practica2-tpv\bin\holasdldebug.pdb
c:\users\adrian\documents\2 gdv\tpv\practicas\practica 2\practica2-tpv\bin\holasdldebug.exe
c:\users\adrian\documents\2 gdv\tpv\practicas\practica 2\practica2-tpv\bin\holasdldebug.ilk
c:\users\adrian\documents\2 gdv\tpv\practicas\practica 2\practica2-tpv\holasdl\debug\holasdl.tlog\cl.command.1.tlog
c:\users\adrian\documents\2 gdv\tpv\practicas\practica 2\practica2-tpv\holasdl\debug\holasdl.tlog\cl.read.1.tlog
c:\users\adrian\documents\2 gdv\tpv\practicas\practica 2\practica2-tpv\holasdl\debug\holasdl.tlog\cl.write.1.tlog
c:\users\adrian\documents\2 gdv\tpv\practicas\practica 2\practica2-tpv\holasdl\debug\holasdl.tlog\link.command.1.tlog
c:\users\adrian\documents\2 gdv\tpv\practicas\practica 2\practica2-tpv\holasdl\debug\holasdl.tlog\link.read.1.tlog
c:\users\adrian\documents\2 gdv\tpv\practicas\practica 2\practica2-tpv\holasdl\debug\holasdl.tlog\link.write.1.tlog
